0 info it worked if it ends with ok
1 verbose cli [ 'node', '/usr/local/bin/npm', 'install', 'grunt', '--save-dev' ]
2 info using npm@2.1.6
3 info using node@v0.10.33
4 silly cache add args [ 'grunt', null ]
5 verbose cache add spec grunt
6 silly cache add parsed spec { raw: 'grunt',
6 silly cache add   scope: null,
6 silly cache add   name: 'grunt',
6 silly cache add   rawSpec: '',
6 silly cache add   spec: '*',
6 silly cache add   type: 'range' }
7 verbose addNamed grunt@*
8 silly addNamed semver.valid null
9 silly addNamed semver.validRange *
10 silly addNameRange { name: 'grunt', range: '*', hasData: false }
11 verbose mapToRegistry name grunt
12 verbose mapToRegistry uri http://registry.npmjs.org/grunt
13 verbose addNameRange registry:http://registry.npmjs.org/grunt not in flight; fetching
14 verbose request on initialization, where is /grunt
15 verbose request after pass 1, where is /grunt
16 verbose request url raw /grunt
17 verbose request resolving registry [ 'http://registry.npmjs.org/', './grunt' ]
18 verbose request after pass 2, where is http://registry.npmjs.org/grunt
19 verbose request no auth needed
20 info attempt registry request try #1 at 20:21:30
21 verbose request id 0f775a0a55d3f842
22 verbose etag "CAHE1P972L73R8N0FD3YEYNCL"
23 http request GET http://registry.npmjs.org/grunt
24 http 304 http://registry.npmjs.org/grunt
25 silly registry.get cb [ 304,
25 silly registry.get   { date: 'Wed, 17 Dec 2014 20:21:29 GMT',
25 silly registry.get     via: '1.1 varnish',
25 silly registry.get     'last-modified': 'Wed, 17 Dec 2014 20:21:29 GMT',
25 silly registry.get     'cache-control': 'max-age=60',
25 silly registry.get     etag: '"CAHE1P972L73R8N0FD3YEYNCL"',
25 silly registry.get     age: '55',
25 silly registry.get     connection: 'keep-alive',
25 silly registry.get     'x-served-by': 'cache-sjc3123-SJC',
25 silly registry.get     'x-cache': 'HIT',
25 silly registry.get     'x-cache-hits': '1',
25 silly registry.get     'x-timer': 'S1418847689.797224,VS0,VE0',
25 silly registry.get     vary: 'Accept' } ]
26 verbose etag http://registry.npmjs.org/grunt from cache
27 silly addNameRange number 2 { name: 'grunt', range: '*', hasData: true }
28 silly addNameRange versions [ 'grunt',
28 silly addNameRange   [ '0.1.0',
28 silly addNameRange     '0.1.1',
28 silly addNameRange     '0.1.2',
28 silly addNameRange     '0.2.0',
28 silly addNameRange     '0.2.1',
28 silly addNameRange     '0.2.2',
28 silly addNameRange     '0.2.3',
28 silly addNameRange     '0.2.4',
28 silly addNameRange     '0.2.5',
28 silly addNameRange     '0.2.6',
28 silly addNameRange     '0.2.7',
28 silly addNameRange     '0.2.8',
28 silly addNameRange     '0.2.9',
28 silly addNameRange     '0.2.10',
28 silly addNameRange     '0.2.11',
28 silly addNameRange     '0.2.12',
28 silly addNameRange     '0.2.13',
28 silly addNameRange     '0.2.14',
28 silly addNameRange     '0.2.15',
28 silly addNameRange     '0.3.0',
28 silly addNameRange     '0.3.1',
28 silly addNameRange     '0.3.2',
28 silly addNameRange     '0.3.3',
28 silly addNameRange     '0.3.4',
28 silly addNameRange     '0.3.5',
28 silly addNameRange     '0.3.6',
28 silly addNameRange     '0.3.7',
28 silly addNameRange     '0.3.8',
28 silly addNameRange     '0.3.9',
28 silly addNameRange     '0.3.10',
28 silly addNameRange     '0.3.11',
28 silly addNameRange     '0.3.12',
28 silly addNameRange     '0.3.13',
28 silly addNameRange     '0.3.14',
28 silly addNameRange     '0.3.15',
28 silly addNameRange     '0.3.16',
28 silly addNameRange     '0.3.17',
28 silly addNameRange     '0.4.0',
28 silly addNameRange     '0.4.1',
28 silly addNameRange     '0.4.2',
28 silly addNameRange     '0.4.3',
28 silly addNameRange     '0.4.4',
28 silly addNameRange     '0.4.5',
28 silly addNameRange     '0.3.13-a',
28 silly addNameRange     '0.4.0-a',
28 silly addNameRange     '0.4.0-rc1',
28 silly addNameRange     '0.4.0-rc2',
28 silly addNameRange     '0.4.0-rc3',
28 silly addNameRange     '0.4.0-rc4',
28 silly addNameRange     '0.4.0-rc5',
28 silly addNameRange     '0.4.0-rc6',
28 silly addNameRange     '0.4.0-rc7',
28 silly addNameRange     '0.4.0-rc8' ] ]
29 verbose addNamed grunt@0.4.5
30 silly addNamed semver.valid 0.4.5
31 silly addNamed semver.validRange 0.4.5
32 silly cache afterAdd grunt@0.4.5
33 verbose afterAdd /home/vagrant/.npm/grunt/0.4.5/package/package.json not in flight; writing
34 verbose afterAdd /home/vagrant/.npm/grunt/0.4.5/package/package.json written
35 silly install resolved [ { name: 'grunt',
35 silly install resolved     description: 'The JavaScript Task Runner',
35 silly install resolved     version: '0.4.5',
35 silly install resolved     author: { name: '"Cowboy" Ben Alman', url: 'http://benalman.com/' },
35 silly install resolved     homepage: 'http://gruntjs.com/',
35 silly install resolved     repository: { type: 'git', url: 'git://github.com/gruntjs/grunt.git' },
35 silly install resolved     bugs: { url: 'http://github.com/gruntjs/grunt/issues' },
35 silly install resolved     licenses: [ [Object] ],
35 silly install resolved     main: 'lib/grunt',
35 silly install resolved     scripts: { test: 'grunt test' },
35 silly install resolved     engines: { node: '>= 0.8.0' },
35 silly install resolved     keywords:
35 silly install resolved      [ 'task',
35 silly install resolved        'async',
35 silly install resolved        'cli',
35 silly install resolved        'minify',
35 silly install resolved        'uglify',
35 silly install resolved        'build',
35 silly install resolved        'lodash',
35 silly install resolved        'unit',
35 silly install resolved        'test',
35 silly install resolved        'qunit',
35 silly install resolved        'nodeunit',
35 silly install resolved        'server',
35 silly install resolved        'init',
35 silly install resolved        'scaffold',
35 silly install resolved        'make',
35 silly install resolved        'jake',
35 silly install resolved        'tool' ],
35 silly install resolved     dependencies:
35 silly install resolved      { async: '~0.1.22',
35 silly install resolved        'coffee-script': '~1.3.3',
35 silly install resolved        colors: '~0.6.2',
35 silly install resolved        dateformat: '1.0.2-1.2.3',
35 silly install resolved        eventemitter2: '~0.4.13',
35 silly install resolved        'findup-sync': '~0.1.2',
35 silly install resolved        glob: '~3.1.21',
35 silly install resolved        hooker: '~0.2.3',
35 silly install resolved        'iconv-lite': '~0.2.11',
35 silly install resolved        minimatch: '~0.2.12',
35 silly install resolved        nopt: '~1.0.10',
35 silly install resolved        rimraf: '~2.2.8',
35 silly install resolved        lodash: '~0.9.2',
35 silly install resolved        'underscore.string': '~2.2.1',
35 silly install resolved        which: '~1.0.5',
35 silly install resolved        'js-yaml': '~2.0.5',
35 silly install resolved        exit: '~0.1.1',
35 silly install resolved        getobject: '~0.1.0',
35 silly install resolved        'grunt-legacy-util': '~0.2.0',
35 silly install resolved        'grunt-legacy-log': '~0.1.0' },
35 silly install resolved     devDependencies:
35 silly install resolved      { temporary: '~0.0.4',
35 silly install resolved        'grunt-contrib-jshint': '~0.6.4',
35 silly install resolved        'grunt-contrib-nodeunit': '~0.2.0',
35 silly install resolved        'grunt-contrib-watch': '~0.5.3',
35 silly install resolved        difflet: '~0.2.3',
35 silly install resolved        semver: '2.1.0',
35 silly install resolved        shelljs: '~0.2.5' },
35 silly install resolved     _id: 'grunt@0.4.5',
35 silly install resolved     dist:
35 silly install resolved      { shasum: '56937cd5194324adff6d207631832a9d6ba4e7f0',
35 silly install resolved        tarball: 'http://registry.npmjs.org/grunt/-/grunt-0.4.5.tgz' },
35 silly install resolved     _from: 'grunt@*',
35 silly install resolved     _npmVersion: '1.4.4',
35 silly install resolved     _npmUser: { name: 'cowboy', email: 'cowboy@rj3.net' },
35 silly install resolved     maintainers: [ [Object], [Object] ],
35 silly install resolved     directories: {},
35 silly install resolved     _shasum: '56937cd5194324adff6d207631832a9d6ba4e7f0',
35 silly install resolved     _resolved: 'http://registry.npmjs.org/grunt/-/grunt-0.4.5.tgz',
35 silly install resolved     readme: 'ERROR: No README data found!' } ]
36 info install grunt@0.4.5 into /var/www/lacunastories
37 info installOne grunt@0.4.5
38 verbose installOne of grunt to /var/www/lacunastories not in flight; installing
39 warn locking Error: EACCES, open '/home/vagrant/.npm/_locks/grunt-57c05079af24e0d4.lock'
39 warn locking  /home/vagrant/.npm/_locks/grunt-57c05079af24e0d4.lock failed { [Error: EACCES, open '/home/vagrant/.npm/_locks/grunt-57c05079af24e0d4.lock']
39 warn locking   errno: 3,
39 warn locking   code: 'EACCES',
39 warn locking   path: '/home/vagrant/.npm/_locks/grunt-57c05079af24e0d4.lock' }
40 verbose stack Error: Attempt to unlock /var/www/lacunastories/node_modules/grunt, which hasn't been locked
40 verbose stack     at unlock (/usr/local/lib/node_modules/npm/lib/utils/locker.js:66:11)
40 verbose stack     at cb (/usr/local/lib/node_modules/npm/lib/install.js:929:5)
40 verbose stack     at /usr/local/lib/node_modules/npm/lib/install.js:933:20
40 verbose stack     at /usr/local/lib/node_modules/npm/lib/utils/locker.js:40:9
40 verbose stack     at cb (/usr/local/lib/node_modules/npm/node_modules/lockfile/lockfile.js:149:38)
40 verbose stack     at /usr/local/lib/node_modules/npm/node_modules/lockfile/lockfile.js:177:38
40 verbose stack     at Object.oncomplete (fs.js:107:15)
41 verbose cwd /var/www/lacunastories
42 error Linux 3.2.0-23-generic-pae
43 error argv "node" "/usr/local/bin/npm" "install" "grunt" "--save-dev"
44 error node v0.10.33
45 error npm  v2.1.6
46 error Attempt to unlock /var/www/lacunastories/node_modules/grunt, which hasn't been locked
47 error If you need help, you may report this error at:
47 error     <http://github.com/npm/npm/issues>
48 verbose exit [ 1, true ]
